Started GET "/" for 127.0.0.1 at 2018-09-12 15:58:28 -0400
Processing by Rails::WelcomeController#index as HTML
  Rendering /Users/flatironschool/.rvm/gems/ruby-2.3.3/gems/railties-5.2.1/lib/rails/templates/rails/welcome/index.html.erb
  Rendered /Users/flatironschool/.rvm/gems/ruby-2.3.3/gems/railties-5.2.1/lib/rails/templates/rails/welcome/index.html.erb (10.1ms)
Completed 200 OK in 32ms (Views: 27.5ms | ActiveRecord: 0.0ms)


  [1m[35m (0.1ms)[0m  [1m[34mSELECT sqlite_version(*)[0m
  ↳ bin/rails:9
  [1m[35m (3.9ms)[0m  [1m[35mCREATE TABLE "schema_migrations" ("version" varchar NOT NULL PRIMARY KEY)[0m
  ↳ bin/rails:9
  [1m[35m (1.4ms)[0m  [1m[35mCREATE TABLE "ar_internal_metadata" ("key" varchar NOT NULL PRIMARY KEY, "value" varchar, "created_at" datetime NOT NULL, "updated_at" datetime NOT NULL)[0m
  ↳ bin/rails:9
  [1m[35m (0.2ms)[0m  [1m[34mSELECT "schema_migrations"."version" FROM "schema_migrations" ORDER BY "schema_migrations"."version" ASC[0m
  ↳ bin/rails:9
Migrating to Recipe (20180912215200)
  [1m[35m (0.1ms)[0m  [1m[36mbegin transaction[0m
  ↳ bin/rails:9
  [1m[35m (0.8ms)[0m  [1m[35mCREATE TABLE "recipes" ("id" integer PRIMARY KEY AUTOINCREMENT NOT NULL, "name" varchar, "description" varchar)[0m
  ↳ db/migrate/20180912215200_recipe.rb:3
  [1m[36mActiveRecord::SchemaMigration Create (0.3ms)[0m  [1m[32mINSERT INTO "schema_migrations" ("version") VALUES (?)[0m  [["version", "20180912215200"]]
  ↳ bin/rails:9
  [1m[35m (2.7ms)[0m  [1m[36mcommit transaction[0m
  ↳ bin/rails:9
  [1m[36mActiveRecord::InternalMetadata Load (0.3ms)[0m  [1m[34mSELECT  "ar_internal_metadata".* FROM "ar_internal_metadata" WHERE "ar_internal_metadata"."key" = ? LIMIT ?[0m  [["key", "environment"], ["LIMIT", 1]]
  ↳ bin/rails:9
  [1m[35m (0.1ms)[0m  [1m[36mbegin transaction[0m
  ↳ bin/rails:9
  [1m[36mActiveRecord::InternalMetadata Create (0.6ms)[0m  [1m[32mINSERT INTO "ar_internal_metadata" ("key", "value", "created_at", "updated_at") VALUES (?, ?, ?, ?)[0m  [["key", "environment"], ["value", "development"], ["created_at", "2018-09-12 21:54:36.512206"], ["updated_at", "2018-09-12 21:54:36.512206"]]
  ↳ bin/rails:9
  [1m[35m (12.4ms)[0m  [1m[36mcommit transaction[0m
  ↳ bin/rails:9
  [1m[35m (0.2ms)[0m  [1m[34mSELECT "schema_migrations"."version" FROM "schema_migrations" ORDER BY "schema_migrations"."version" ASC[0m
  ↳ bin/rails:9
  [1m[36mRecipe Load (4.1ms)[0m  [1m[34mSELECT  "recipes".* FROM "recipes" LIMIT ?[0m  [["LIMIT", 11]]
  [1m[35m (0.2ms)[0m  [1m[36mbegin transaction[0m
  [1m[36mRecipe Create (4.6ms)[0m  [1m[32mINSERT INTO "recipes" ("name", "description") VALUES (?, ?)[0m  [["name", "test"], ["description", "test"]]
  [1m[35m (3.2ms)[0m  [1m[36mcommit transaction[0m
Started GET "/recipes" for 127.0.0.1 at 2018-09-12 18:08:16 -0400
  [1m[35m (2.7ms)[0m  [1m[34mSELECT "schema_migrations"."version" FROM "schema_migrations" ORDER BY "schema_migrations"."version" ASC[0m
  ↳ /Users/flatironschool/.rvm/gems/ruby-2.3.3/gems/activerecord-5.2.1/lib/active_record/log_subscriber.rb:98
  
ActionController::RoutingError (No route matches [GET] "/recipes"):
  
actionpack (5.2.1) lib/action_dispatch/middleware/debug_exceptions.rb:65:in `call'
actionpack (5.2.1) lib/action_dispatch/middleware/show_exceptions.rb:33:in `call'
railties (5.2.1) lib/rails/rack/logger.rb:38:in `call_app'
railties (5.2.1) lib/rails/rack/logger.rb:26:in `block in call'
activesupport (5.2.1) lib/active_support/tagged_logging.rb:71:in `block in tagged'
activesupport (5.2.1) lib/active_support/tagged_logging.rb:28:in `tagged'
activesupport (5.2.1) lib/active_support/tagged_logging.rb:71:in `tagged'
railties (5.2.1) lib/rails/rack/logger.rb:26:in `call'
actionpack (5.2.1) lib/action_dispatch/middleware/remote_ip.rb:81:in `call'
actionpack (5.2.1) lib/action_dispatch/middleware/request_id.rb:27:in `call'
rack (2.0.5) lib/rack/runtime.rb:22:in `call'
activesupport (5.2.1) lib/active_support/cache/strategy/local_cache_middleware.rb:29:in `call'
actionpack (5.2.1) lib/action_dispatch/middleware/executor.rb:14:in `call'
actionpack (5.2.1) lib/action_dispatch/middleware/static.rb:127:in `call'
rack (2.0.5) lib/rack/sendfile.rb:111:in `call'
railties (5.2.1) lib/rails/engine.rb:524:in `call'
puma (3.12.0) lib/puma/configuration.rb:225:in `call'
puma (3.12.0) lib/puma/server.rb:658:in `handle_request'
puma (3.12.0) lib/puma/server.rb:472:in `process_client'
puma (3.12.0) lib/puma/server.rb:332:in `block in run'
puma (3.12.0) lib/puma/thread_pool.rb:133:in `block in spawn_thread'
Started GET "/recipe" for 127.0.0.1 at 2018-09-12 18:08:24 -0400
  
ActionController::RoutingError (No route matches [GET] "/recipe"):
  
actionpack (5.2.1) lib/action_dispatch/middleware/debug_exceptions.rb:65:in `call'
actionpack (5.2.1) lib/action_dispatch/middleware/show_exceptions.rb:33:in `call'
railties (5.2.1) lib/rails/rack/logger.rb:38:in `call_app'
railties (5.2.1) lib/rails/rack/logger.rb:26:in `block in call'
activesupport (5.2.1) lib/active_support/tagged_logging.rb:71:in `block in tagged'
activesupport (5.2.1) lib/active_support/tagged_logging.rb:28:in `tagged'
activesupport (5.2.1) lib/active_support/tagged_logging.rb:71:in `tagged'
railties (5.2.1) lib/rails/rack/logger.rb:26:in `call'
actionpack (5.2.1) lib/action_dispatch/middleware/remote_ip.rb:81:in `call'
actionpack (5.2.1) lib/action_dispatch/middleware/request_id.rb:27:in `call'
rack (2.0.5) lib/rack/runtime.rb:22:in `call'
activesupport (5.2.1) lib/active_support/cache/strategy/local_cache_middleware.rb:29:in `call'
actionpack (5.2.1) lib/action_dispatch/middleware/executor.rb:14:in `call'
actionpack (5.2.1) lib/action_dispatch/middleware/static.rb:127:in `call'
rack (2.0.5) lib/rack/sendfile.rb:111:in `call'
railties (5.2.1) lib/rails/engine.rb:524:in `call'
puma (3.12.0) lib/puma/configuration.rb:225:in `call'
puma (3.12.0) lib/puma/server.rb:658:in `handle_request'
puma (3.12.0) lib/puma/server.rb:472:in `process_client'
puma (3.12.0) lib/puma/server.rb:332:in `block in run'
puma (3.12.0) lib/puma/thread_pool.rb:133:in `block in spawn_thread'
Started GET "/recipe" for 127.0.0.1 at 2018-09-12 18:10:32 -0400
  
ActionController::RoutingError (No route matches [GET] "/recipe"):
  
actionpack (5.2.1) lib/action_dispatch/middleware/debug_exceptions.rb:65:in `call'
actionpack (5.2.1) lib/action_dispatch/middleware/show_exceptions.rb:33:in `call'
railties (5.2.1) lib/rails/rack/logger.rb:38:in `call_app'
railties (5.2.1) lib/rails/rack/logger.rb:26:in `block in call'
activesupport (5.2.1) lib/active_support/tagged_logging.rb:71:in `block in tagged'
activesupport (5.2.1) lib/active_support/tagged_logging.rb:28:in `tagged'
activesupport (5.2.1) lib/active_support/tagged_logging.rb:71:in `tagged'
railties (5.2.1) lib/rails/rack/logger.rb:26:in `call'
actionpack (5.2.1) lib/action_dispatch/middleware/remote_ip.rb:81:in `call'
actionpack (5.2.1) lib/action_dispatch/middleware/request_id.rb:27:in `call'
rack (2.0.5) lib/rack/runtime.rb:22:in `call'
activesupport (5.2.1) lib/active_support/cache/strategy/local_cache_middleware.rb:29:in `call'
actionpack (5.2.1) lib/action_dispatch/middleware/executor.rb:14:in `call'
actionpack (5.2.1) lib/action_dispatch/middleware/static.rb:127:in `call'
rack (2.0.5) lib/rack/sendfile.rb:111:in `call'
railties (5.2.1) lib/rails/engine.rb:524:in `call'
puma (3.12.0) lib/puma/configuration.rb:225:in `call'
puma (3.12.0) lib/puma/server.rb:658:in `handle_request'
puma (3.12.0) lib/puma/server.rb:472:in `process_client'
puma (3.12.0) lib/puma/server.rb:332:in `block in run'
puma (3.12.0) lib/puma/thread_pool.rb:133:in `block in spawn_thread'
Started GET "/recipe" for 127.0.0.1 at 2018-09-12 18:11:54 -0400
  
ActionController::RoutingError (No route matches [GET] "/recipe"):
  
actionpack (5.2.1) lib/action_dispatch/middleware/debug_exceptions.rb:65:in `call'
actionpack (5.2.1) lib/action_dispatch/middleware/show_exceptions.rb:33:in `call'
railties (5.2.1) lib/rails/rack/logger.rb:38:in `call_app'
railties (5.2.1) lib/rails/rack/logger.rb:26:in `block in call'
activesupport (5.2.1) lib/active_support/tagged_logging.rb:71:in `block in tagged'
activesupport (5.2.1) lib/active_support/tagged_logging.rb:28:in `tagged'
activesupport (5.2.1) lib/active_support/tagged_logging.rb:71:in `tagged'
railties (5.2.1) lib/rails/rack/logger.rb:26:in `call'
actionpack (5.2.1) lib/action_dispatch/middleware/remote_ip.rb:81:in `call'
actionpack (5.2.1) lib/action_dispatch/middleware/request_id.rb:27:in `call'
rack (2.0.5) lib/rack/runtime.rb:22:in `call'
activesupport (5.2.1) lib/active_support/cache/strategy/local_cache_middleware.rb:29:in `call'
actionpack (5.2.1) lib/action_dispatch/middleware/executor.rb:14:in `call'
actionpack (5.2.1) lib/action_dispatch/middleware/static.rb:127:in `call'
rack (2.0.5) lib/rack/sendfile.rb:111:in `call'
railties (5.2.1) lib/rails/engine.rb:524:in `call'
puma (3.12.0) lib/puma/configuration.rb:225:in `call'
puma (3.12.0) lib/puma/server.rb:658:in `handle_request'
puma (3.12.0) lib/puma/server.rb:472:in `process_client'
puma (3.12.0) lib/puma/server.rb:332:in `block in run'
puma (3.12.0) lib/puma/thread_pool.rb:133:in `block in spawn_thread'
Started GET "/recipe" for 127.0.0.1 at 2018-09-12 18:13:54 -0400
  
ActionController::RoutingError (uninitialized constant RecipeController):
  
bootsnap (1.3.2) lib/bootsnap/load_path_cache/core_ext/active_support.rb:74:in `block in load_missing_constant'
bootsnap (1.3.2) lib/bootsnap/load_path_cache/core_ext/active_support.rb:8:in `without_bootsnap_cache'
bootsnap (1.3.2) lib/bootsnap/load_path_cache/core_ext/active_support.rb:74:in `rescue in load_missing_constant'
bootsnap (1.3.2) lib/bootsnap/load_path_cache/core_ext/active_support.rb:57:in `load_missing_constant'
activesupport (5.2.1) lib/active_support/inflector/methods.rb:283:in `const_get'
activesupport (5.2.1) lib/active_support/inflector/methods.rb:283:in `block in constantize'
activesupport (5.2.1) lib/active_support/inflector/methods.rb:281:in `each'
activesupport (5.2.1) lib/active_support/inflector/methods.rb:281:in `inject'
activesupport (5.2.1) lib/active_support/inflector/methods.rb:281:in `constantize'
actionpack (5.2.1) lib/action_dispatch/http/request.rb:88:in `controller_class_for'
actionpack (5.2.1) lib/action_dispatch/http/request.rb:81:in `controller_class'
actionpack (5.2.1) lib/action_dispatch/routing/route_set.rb:46:in `controller'
actionpack (5.2.1) lib/action_dispatch/routing/route_set.rb:32:in `serve'
actionpack (5.2.1) lib/action_dispatch/journey/router.rb:52:in `block in serve'
actionpack (5.2.1) lib/action_dispatch/journey/router.rb:35:in `each'
actionpack (5.2.1) lib/action_dispatch/journey/router.rb:35:in `serve'
actionpack (5.2.1) lib/action_dispatch/routing/route_set.rb:840:in `call'
rack (2.0.5) lib/rack/etag.rb:25:in `call'
rack (2.0.5) lib/rack/conditional_get.rb:25:in `call'
rack (2.0.5) lib/rack/head.rb:12:in `call'
activerecord (5.2.1) lib/active_record/migration.rb:559:in `call'
actionpack (5.2.1) lib/action_dispatch/middleware/callbacks.rb:28:in `block in call'
activesupport (5.2.1) lib/active_support/callbacks.rb:98:in `run_callbacks'
actionpack (5.2.1) lib/action_dispatch/middleware/callbacks.rb:26:in `call'
actionpack (5.2.1) lib/action_dispatch/middleware/executor.rb:14:in `call'
actionpack (5.2.1) lib/action_dispatch/middleware/debug_exceptions.rb:61:in `call'
actionpack (5.2.1) lib/action_dispatch/middleware/show_exceptions.rb:33:in `call'
railties (5.2.1) lib/rails/rack/logger.rb:38:in `call_app'
railties (5.2.1) lib/rails/rack/logger.rb:26:in `block in call'
activesupport (5.2.1) lib/active_support/tagged_logging.rb:71:in `block in tagged'
activesupport (5.2.1) lib/active_support/tagged_logging.rb:28:in `tagged'
activesupport (5.2.1) lib/active_support/tagged_logging.rb:71:in `tagged'
railties (5.2.1) lib/rails/rack/logger.rb:26:in `call'
actionpack (5.2.1) lib/action_dispatch/middleware/remote_ip.rb:81:in `call'
actionpack (5.2.1) lib/action_dispatch/middleware/request_id.rb:27:in `call'
rack (2.0.5) lib/rack/runtime.rb:22:in `call'
activesupport (5.2.1) lib/active_support/cache/strategy/local_cache_middleware.rb:29:in `call'
actionpack (5.2.1) lib/action_dispatch/middleware/executor.rb:14:in `call'
actionpack (5.2.1) lib/action_dispatch/middleware/static.rb:127:in `call'
rack (2.0.5) lib/rack/sendfile.rb:111:in `call'
railties (5.2.1) lib/rails/engine.rb:524:in `call'
puma (3.12.0) lib/puma/configuration.rb:225:in `call'
puma (3.12.0) lib/puma/server.rb:658:in `handle_request'
puma (3.12.0) lib/puma/server.rb:472:in `process_client'
puma (3.12.0) lib/puma/server.rb:332:in `block in run'
puma (3.12.0) lib/puma/thread_pool.rb:133:in `block in spawn_thread'
Started GET "/recipes" for 127.0.0.1 at 2018-09-12 18:14:02 -0400
  
ActionController::RoutingError (No route matches [GET] "/recipes"):
  
actionpack (5.2.1) lib/action_dispatch/middleware/debug_exceptions.rb:65:in `call'
actionpack (5.2.1) lib/action_dispatch/middleware/show_exceptions.rb:33:in `call'
railties (5.2.1) lib/rails/rack/logger.rb:38:in `call_app'
railties (5.2.1) lib/rails/rack/logger.rb:26:in `block in call'
activesupport (5.2.1) lib/active_support/tagged_logging.rb:71:in `block in tagged'
activesupport (5.2.1) lib/active_support/tagged_logging.rb:28:in `tagged'
activesupport (5.2.1) lib/active_support/tagged_logging.rb:71:in `tagged'
railties (5.2.1) lib/rails/rack/logger.rb:26:in `call'
actionpack (5.2.1) lib/action_dispatch/middleware/remote_ip.rb:81:in `call'
actionpack (5.2.1) lib/action_dispatch/middleware/request_id.rb:27:in `call'
rack (2.0.5) lib/rack/runtime.rb:22:in `call'
activesupport (5.2.1) lib/active_support/cache/strategy/local_cache_middleware.rb:29:in `call'
actionpack (5.2.1) lib/action_dispatch/middleware/executor.rb:14:in `call'
actionpack (5.2.1) lib/action_dispatch/middleware/static.rb:127:in `call'
rack (2.0.5) lib/rack/sendfile.rb:111:in `call'
railties (5.2.1) lib/rails/engine.rb:524:in `call'
puma (3.12.0) lib/puma/configuration.rb:225:in `call'
puma (3.12.0) lib/puma/server.rb:658:in `handle_request'
puma (3.12.0) lib/puma/server.rb:472:in `process_client'
puma (3.12.0) lib/puma/server.rb:332:in `block in run'
puma (3.12.0) lib/puma/thread_pool.rb:133:in `block in spawn_thread'
Started GET "/recipes" for 127.0.0.1 at 2018-09-12 18:14:15 -0400
Processing by RecipesController#index as HTML
Completed 200 OK in 13ms (Views: 3.2ms | ActiveRecord: 0.0ms)


  [1m[35m (0.1ms)[0m  [1m[36mbegin transaction[0m
  [1m[36mRecipe Create (4.4ms)[0m  [1m[32mINSERT INTO "recipes" ("name", "description") VALUES (?, ?)[0m  [["name", "Test"], ["description", "Test"]]
  [1m[35m (3.2ms)[0m  [1m[36mcommit transaction[0m
Started GET "/recipes" for 127.0.0.1 at 2018-09-12 18:21:56 -0400
  [1m[35m (2.9ms)[0m  [1m[34mSELECT "schema_migrations"."version" FROM "schema_migrations" ORDER BY "schema_migrations"."version" ASC[0m
  ↳ /Users/flatironschool/.rvm/gems/ruby-2.3.3/gems/activerecord-5.2.1/lib/active_record/log_subscriber.rb:98
Processing by RecipesController#index as HTML
Completed 200 OK in 10ms (Views: 0.4ms | ActiveRecord: 0.0ms)


  [1m[36mRecipe Load (11.0ms)[0m  [1m[34mSELECT  "recipes".* FROM "recipes" LIMIT ?[0m  [["LIMIT", 11]]
Started GET "/recipes" for 127.0.0.1 at 2018-09-12 18:29:09 -0400
  [1m[35m (2.5ms)[0m  [1m[34mSELECT "schema_migrations"."version" FROM "schema_migrations" ORDER BY "schema_migrations"."version" ASC[0m
  ↳ /Users/flatironschool/.rvm/gems/ruby-2.3.3/gems/activerecord-5.2.1/lib/active_record/log_subscriber.rb:98
Processing by RecipesController#index as HTML
  [1m[36mRecipe Load (2.3ms)[0m  [1m[34mSELECT "recipes".* FROM "recipes"[0m
  ↳ app/controllers/recipes_controller.rb:5
Completed 200 OK in 28ms (Views: 18.5ms | ActiveRecord: 3.8ms)


Started GET "/recipes" for 127.0.0.1 at 2018-09-12 18:34:00 -0400
  [1m[35m (2.5ms)[0m  [1m[34mSELECT "schema_migrations"."version" FROM "schema_migrations" ORDER BY "schema_migrations"."version" ASC[0m
  ↳ /Users/flatironschool/.rvm/gems/ruby-2.3.3/gems/activerecord-5.2.1/lib/active_record/log_subscriber.rb:98
Processing by RecipesController#index as */*
  [1m[36mRecipe Load (2.3ms)[0m  [1m[34mSELECT "recipes".* FROM "recipes"[0m
  ↳ app/controllers/recipes_controller.rb:5
Completed 200 OK in 28ms (Views: 15.8ms | ActiveRecord: 3.4ms)


Started GET "/recipes" for 127.0.0.1 at 2018-09-12 18:34:23 -0400
Processing by RecipesController#index as */*
  [1m[36mRecipe Load (6.1ms)[0m  [1m[34mSELECT "recipes".* FROM "recipes"[0m
  ↳ app/controllers/recipes_controller.rb:5
Completed 200 OK in 30ms (Views: 17.1ms | ActiveRecord: 6.1ms)


Started GET "/recipes" for 127.0.0.1 at 2018-09-12 18:39:16 -0400
  [1m[35m (2.5ms)[0m  [1m[34mSELECT "schema_migrations"."version" FROM "schema_migrations" ORDER BY "schema_migrations"."version" ASC[0m
  ↳ /Users/flatironschool/.rvm/gems/ruby-2.3.3/gems/activerecord-5.2.1/lib/active_record/log_subscriber.rb:98
Processing by RecipesController#index as */*
  [1m[36mRecipe Load (2.5ms)[0m  [1m[34mSELECT "recipes".* FROM "recipes"[0m
  ↳ app/controllers/recipes_controller.rb:5
Completed 200 OK in 30ms (Views: 17.1ms | ActiveRecord: 3.6ms)


Started GET "/recipes" for 127.0.0.1 at 2018-09-12 18:40:50 -0400
Processing by RecipesController#index as */*
  [1m[36mRecipe Load (2.5ms)[0m  [1m[34mSELECT "recipes".* FROM "recipes"[0m
  ↳ app/controllers/recipes_controller.rb:5
Completed 200 OK in 20ms (Views: 12.4ms | ActiveRecord: 2.5ms)


Started GET "/recipes" for 127.0.0.1 at 2018-09-12 18:43:22 -0400
Processing by RecipesController#index as */*
  [1m[36mRecipe Load (11.2ms)[0m  [1m[34mSELECT "recipes".* FROM "recipes"[0m
  ↳ app/controllers/recipes_controller.rb:5
Completed 200 OK in 51ms (Views: 26.7ms | ActiveRecord: 11.2ms)


Started GET "/recipes" for 127.0.0.1 at 2018-09-12 18:43:46 -0400
Processing by RecipesController#index as */*
  [1m[36mRecipe Load (5.8ms)[0m  [1m[34mSELECT "recipes".* FROM "recipes"[0m
  ↳ app/controllers/recipes_controller.rb:5
Completed 200 OK in 75ms (Views: 62.0ms | ActiveRecord: 5.8ms)


Started GET "/recipes" for 127.0.0.1 at 2018-09-12 19:28:01 -0400
Processing by RecipesController#index as */*
  [1m[36mRecipe Load (3.2ms)[0m  [1m[34mSELECT "recipes".* FROM "recipes"[0m
  ↳ app/controllers/recipes_controller.rb:5
Completed 200 OK in 104ms (Views: 80.5ms | ActiveRecord: 6.2ms)


Started GET "/recipes" for 127.0.0.1 at 2018-09-12 19:28:41 -0400
Processing by RecipesController#index as */*
  [1m[36mRecipe Load (2.2ms)[0m  [1m[34mSELECT "recipes".* FROM "recipes"[0m
  ↳ app/controllers/recipes_controller.rb:5
Completed 200 OK in 101ms (Views: 94.0ms | ActiveRecord: 2.2ms)


Started GET "/recipes" for 127.0.0.1 at 2018-09-12 19:38:31 -0400
Processing by RecipesController#index as */*
  [1m[36mRecipe Load (3.1ms)[0m  [1m[34mSELECT "recipes".* FROM "recipes"[0m
  ↳ app/controllers/recipes_controller.rb:5
Completed 200 OK in 44ms (Views: 34.9ms | ActiveRecord: 3.1ms)


Started GET "/recipes" for 127.0.0.1 at 2018-09-12 19:39:02 -0400
Processing by RecipesController#index as */*
  [1m[36mRecipe Load (1.7ms)[0m  [1m[34mSELECT "recipes".* FROM "recipes"[0m
  ↳ app/controllers/recipes_controller.rb:5
Completed 200 OK in 68ms (Views: 54.8ms | ActiveRecord: 1.7ms)


Started GET "/recipes" for 127.0.0.1 at 2018-09-13 09:15:54 -0400
  [1m[35m (2.4ms)[0m  [1m[34mSELECT "schema_migrations"."version" FROM "schema_migrations" ORDER BY "schema_migrations"."version" ASC[0m
  ↳ /Users/flatironschool/.rvm/gems/ruby-2.3.3/gems/activerecord-5.2.1/lib/active_record/log_subscriber.rb:98
Processing by RecipesController#index as */*
  [1m[36mRecipe Load (2.4ms)[0m  [1m[34mSELECT "recipes".* FROM "recipes"[0m
  ↳ app/controllers/recipes_controller.rb:5
Completed 200 OK in 29ms (Views: 15.9ms | ActiveRecord: 3.9ms)


Started GET "/recipes" for 127.0.0.1 at 2018-09-13 09:21:11 -0400
Processing by RecipesController#index as */*
  [1m[36mRecipe Load (3.2ms)[0m  [1m[34mSELECT "recipes".* FROM "recipes"[0m
  ↳ app/controllers/recipes_controller.rb:5
Completed 200 OK in 31ms (Views: 19.5ms | ActiveRecord: 3.2ms)


Started GET "/recipes" for 127.0.0.1 at 2018-09-13 09:21:21 -0400
Processing by RecipesController#index as */*
  [1m[36mRecipe Load (1.7ms)[0m  [1m[34mSELECT "recipes".* FROM "recipes"[0m
  ↳ app/controllers/recipes_controller.rb:5
Completed 200 OK in 33ms (Views: 20.7ms | ActiveRecord: 1.7ms)


Started GET "/recipes" for 127.0.0.1 at 2018-09-13 09:22:18 -0400
Processing by RecipesController#index as */*
  [1m[36mRecipe Load (4.7ms)[0m  [1m[34mSELECT "recipes".* FROM "recipes"[0m
  ↳ app/controllers/recipes_controller.rb:5
Completed 200 OK in 55ms (Views: 42.1ms | ActiveRecord: 4.7ms)


Started GET "/recipes" for 127.0.0.1 at 2018-09-13 09:32:18 -0400
Processing by RecipesController#index as */*
  [1m[36mRecipe Load (1.5ms)[0m  [1m[34mSELECT "recipes".* FROM "recipes"[0m
  ↳ app/controllers/recipes_controller.rb:5
Completed 200 OK in 18ms (Views: 11.0ms | ActiveRecord: 1.5ms)


Started GET "/recipes" for 127.0.0.1 at 2018-09-13 09:32:40 -0400
Processing by RecipesController#index as */*
  [1m[36mRecipe Load (2.8ms)[0m  [1m[34mSELECT "recipes".* FROM "recipes"[0m
  ↳ app/controllers/recipes_controller.rb:5
Completed 200 OK in 48ms (Views: 33.4ms | ActiveRecord: 2.8ms)


Started GET "/recipes" for 127.0.0.1 at 2018-09-13 13:48:08 -0400
Processing by RecipesController#index as */*
  [1m[36mRecipe Load (0.9ms)[0m  [1m[34mSELECT "recipes".* FROM "recipes"[0m
  ↳ app/controllers/recipes_controller.rb:5
Completed 200 OK in 152ms (Views: 130.6ms | ActiveRecord: 0.9ms)


Started GET "/recipes" for 127.0.0.1 at 2018-09-13 13:52:17 -0400
Processing by RecipesController#index as */*
  [1m[36mRecipe Load (21.4ms)[0m  [1m[34mSELECT "recipes".* FROM "recipes"[0m
  ↳ app/controllers/recipes_controller.rb:5
Completed 200 OK in 172ms (Views: 126.5ms | ActiveRecord: 21.4ms)


Started GET "/recipes" for 127.0.0.1 at 2018-09-13 13:52:57 -0400
Processing by RecipesController#index as */*
  [1m[36mRecipe Load (8.5ms)[0m  [1m[34mSELECT "recipes".* FROM "recipes"[0m
  ↳ app/controllers/recipes_controller.rb:5
Completed 200 OK in 129ms (Views: 99.7ms | ActiveRecord: 8.5ms)


Started GET "/recipes" for 127.0.0.1 at 2018-09-13 14:04:26 -0400
  [1m[35m (2.7ms)[0m  [1m[34mSELECT "schema_migrations"."version" FROM "schema_migrations" ORDER BY "schema_migrations"."version" ASC[0m
  ↳ /Users/flatironschool/.rvm/gems/ruby-2.3.3/gems/activerecord-5.2.1/lib/active_record/log_subscriber.rb:98
Processing by RecipesController#index as */*
  [1m[36mRecipe Load (2.3ms)[0m  [1m[34mSELECT "recipes".* FROM "recipes"[0m
  ↳ app/controllers/recipes_controller.rb:5
Completed 200 OK in 23ms (Views: 14.0ms | ActiveRecord: 3.1ms)


Started GET "/recipes" for 127.0.0.1 at 2018-09-13 14:07:15 -0400
Processing by RecipesController#index as */*
  [1m[36mRecipe Load (3.4ms)[0m  [1m[34mSELECT "recipes".* FROM "recipes"[0m
  ↳ app/controllers/recipes_controller.rb:5
Completed 200 OK in 38ms (Views: 21.0ms | ActiveRecord: 3.4ms)


Started GET "/recipes" for 127.0.0.1 at 2018-09-13 14:07:29 -0400
Processing by RecipesController#index as */*
  [1m[36mRecipe Load (1.3ms)[0m  [1m[34mSELECT "recipes".* FROM "recipes"[0m
  ↳ app/controllers/recipes_controller.rb:5
Completed 200 OK in 51ms (Views: 17.7ms | ActiveRecord: 1.3ms)


Started GET "/recipes" for 127.0.0.1 at 2018-09-13 14:07:36 -0400
Processing by RecipesController#index as */*
  [1m[36mRecipe Load (39.3ms)[0m  [1m[34mSELECT "recipes".* FROM "recipes"[0m
  ↳ app/controllers/recipes_controller.rb:5
Completed 200 OK in 59ms (Views: 15.3ms | ActiveRecord: 39.3ms)


Started GET "/recipes" for 127.0.0.1 at 2018-09-13 14:07:40 -0400
Processing by RecipesController#index as */*
  [1m[36mRecipe Load (0.3ms)[0m  [1m[34mSELECT "recipes".* FROM "recipes"[0m
  ↳ app/controllers/recipes_controller.rb:5
Completed 200 OK in 5ms (Views: 4.5ms | ActiveRecord: 0.3ms)


Started GET "/recipes" for 127.0.0.1 at 2018-09-13 14:12:30 -0400
Processing by RecipesController#index as */*
  [1m[36mRecipe Load (2.2ms)[0m  [1m[34mSELECT "recipes".* FROM "recipes"[0m
  ↳ app/controllers/recipes_controller.rb:5
Completed 200 OK in 50ms (Views: 44.9ms | ActiveRecord: 2.2ms)


Started GET "/recipes" for 127.0.0.1 at 2018-09-13 14:15:28 -0400
Processing by RecipesController#index as */*
  [1m[36mRecipe Load (6.6ms)[0m  [1m[34mSELECT "recipes".* FROM "recipes"[0m
  ↳ app/controllers/recipes_controller.rb:5
Completed 200 OK in 37ms (Views: 27.5ms | ActiveRecord: 6.6ms)


Started GET "/recipes" for 127.0.0.1 at 2018-09-13 14:15:49 -0400
Processing by RecipesController#index as */*
  [1m[36mRecipe Load (1.7ms)[0m  [1m[34mSELECT "recipes".* FROM "recipes"[0m
  ↳ app/controllers/recipes_controller.rb:5
Completed 200 OK in 36ms (Views: 9.0ms | ActiveRecord: 1.7ms)


Started GET "/recipes" for 127.0.0.1 at 2018-09-13 14:15:56 -0400
Processing by RecipesController#index as */*
  [1m[36mRecipe Load (2.1ms)[0m  [1m[34mSELECT "recipes".* FROM "recipes"[0m
  ↳ app/controllers/recipes_controller.rb:5
Completed 200 OK in 18ms (Views: 15.4ms | ActiveRecord: 2.1ms)


Started GET "/recipes" for 127.0.0.1 at 2018-09-13 14:28:20 -0400
Processing by RecipesController#index as */*
  [1m[36mRecipe Load (3.2ms)[0m  [1m[34mSELECT "recipes".* FROM "recipes"[0m
  ↳ app/controllers/recipes_controller.rb:5
Completed 200 OK in 67ms (Views: 52.5ms | ActiveRecord: 3.2ms)


Started GET "/recipes" for 127.0.0.1 at 2018-09-13 15:03:28 -0400
Processing by RecipesController#index as */*
  [1m[36mRecipe Load (5.8ms)[0m  [1m[34mSELECT "recipes".* FROM "recipes"[0m
  ↳ app/controllers/recipes_controller.rb:5
Completed 200 OK in 163ms (Views: 140.1ms | ActiveRecord: 5.8ms)


Started GET "/recipes" for 127.0.0.1 at 2018-09-13 15:16:56 -0400
Processing by RecipesController#index as */*
  [1m[36mRecipe Load (2.8ms)[0m  [1m[34mSELECT "recipes".* FROM "recipes"[0m
  ↳ app/controllers/recipes_controller.rb:5
Completed 200 OK in 163ms (Views: 147.8ms | ActiveRecord: 2.8ms)


Started GET "/recipes" for 127.0.0.1 at 2018-09-13 15:24:45 -0400
Processing by RecipesController#index as */*
  [1m[36mRecipe Load (3.2ms)[0m  [1m[34mSELECT "recipes".* FROM "recipes"[0m
  ↳ app/controllers/recipes_controller.rb:5
Completed 200 OK in 146ms (Views: 86.0ms | ActiveRecord: 3.2ms)


Started GET "/recipes" for 127.0.0.1 at 2018-09-13 15:42:18 -0400
Processing by RecipesController#index as */*
  [1m[36mRecipe Load (3.4ms)[0m  [1m[34mSELECT "recipes".* FROM "recipes"[0m
  ↳ app/controllers/recipes_controller.rb:5
Completed 200 OK in 206ms (Views: 195.3ms | ActiveRecord: 3.4ms)


Started GET "/recipes" for 127.0.0.1 at 2018-09-13 15:46:28 -0400
Processing by RecipesController#index as */*
  [1m[36mRecipe Load (1.5ms)[0m  [1m[34mSELECT "recipes".* FROM "recipes"[0m
  ↳ app/controllers/recipes_controller.rb:5
Completed 200 OK in 70ms (Views: 64.7ms | ActiveRecord: 1.5ms)


Started GET "/recipes" for 127.0.0.1 at 2018-09-13 15:46:49 -0400
Processing by RecipesController#index as */*
  [1m[36mRecipe Load (2.2ms)[0m  [1m[34mSELECT "recipes".* FROM "recipes"[0m
  ↳ app/controllers/recipes_controller.rb:5
Completed 200 OK in 45ms (Views: 35.4ms | ActiveRecord: 2.2ms)


Started GET "/recipes" for 127.0.0.1 at 2018-09-13 15:47:46 -0400
Processing by RecipesController#index as */*
  [1m[36mRecipe Load (2.9ms)[0m  [1m[34mSELECT "recipes".* FROM "recipes"[0m
  ↳ app/controllers/recipes_controller.rb:5
Completed 200 OK in 61ms (Views: 53.9ms | ActiveRecord: 2.9ms)


Started GET "/recipes" for 127.0.0.1 at 2018-09-13 15:49:53 -0400
Processing by RecipesController#index as */*
  [1m[36mRecipe Load (1.2ms)[0m  [1m[34mSELECT "recipes".* FROM "recipes"[0m
  ↳ app/controllers/recipes_controller.rb:5
Completed 200 OK in 49ms (Views: 32.8ms | ActiveRecord: 1.2ms)


Started GET "/recipes" for 127.0.0.1 at 2018-09-14 09:36:17 -0400
  [1m[35m (1.7ms)[0m  [1m[34mSELECT "schema_migrations"."version" FROM "schema_migrations" ORDER BY "schema_migrations"."version" ASC[0m
  ↳ /Users/flatironschool/.rvm/gems/ruby-2.3.3/gems/activerecord-5.2.1/lib/active_record/log_subscriber.rb:98
Processing by RecipesController#index as */*
  [1m[36mRecipe Load (1.4ms)[0m  [1m[34mSELECT "recipes".* FROM "recipes"[0m
  ↳ app/controllers/recipes_controller.rb:5
Completed 200 OK in 27ms (Views: 16.7ms | ActiveRecord: 2.6ms)


Started GET "/recipes" for 127.0.0.1 at 2018-09-14 09:36:59 -0400
Processing by RecipesController#index as */*
  [1m[36mRecipe Load (3.3ms)[0m  [1m[34mSELECT "recipes".* FROM "recipes"[0m
  ↳ app/controllers/recipes_controller.rb:5
Completed 200 OK in 28ms (Views: 16.7ms | ActiveRecord: 3.3ms)


Started GET "/recipes" for 127.0.0.1 at 2018-09-14 09:37:14 -0400
Processing by RecipesController#index as */*
  [1m[36mRecipe Load (9.3ms)[0m  [1m[34mSELECT "recipes".* FROM "recipes"[0m
  ↳ app/controllers/recipes_controller.rb:5
Completed 200 OK in 43ms (Views: 20.8ms | ActiveRecord: 9.3ms)


Started GET "/recipes" for 127.0.0.1 at 2018-09-14 09:37:23 -0400
Processing by RecipesController#index as */*
  [1m[36mRecipe Load (4.1ms)[0m  [1m[34mSELECT "recipes".* FROM "recipes"[0m
  ↳ app/controllers/recipes_controller.rb:5
Completed 200 OK in 26ms (Views: 13.5ms | ActiveRecord: 4.1ms)


Started GET "/recipes" for 127.0.0.1 at 2018-09-15 09:46:31 -0400
Processing by RecipesController#index as */*
  [1m[36mRecipe Load (16.5ms)[0m  [1m[34mSELECT "recipes".* FROM "recipes"[0m
  ↳ app/controllers/recipes_controller.rb:5
Completed 200 OK in 479ms (Views: 352.2ms | ActiveRecord: 16.5ms)


Started GET "/recipes" for 127.0.0.1 at 2018-09-15 09:53:59 -0400
Processing by RecipesController#index as */*
  [1m[36mRecipe Load (81.4ms)[0m  [1m[34mSELECT "recipes".* FROM "recipes"[0m
  ↳ app/controllers/recipes_controller.rb:5
Completed 200 OK in 347ms (Views: 243.3ms | ActiveRecord: 81.4ms)


Started GET "/recipes" for 127.0.0.1 at 2018-09-15 09:56:24 -0400
Processing by RecipesController#index as */*
  [1m[36mRecipe Load (18.7ms)[0m  [1m[34mSELECT "recipes".* FROM "recipes"[0m
  ↳ app/controllers/recipes_controller.rb:5
Completed 200 OK in 120ms (Views: 73.4ms | ActiveRecord: 18.7ms)


Started GET "/recipes" for 127.0.0.1 at 2018-09-15 09:56:34 -0400
Processing by RecipesController#index as */*
  [1m[36mRecipe Load (13.9ms)[0m  [1m[34mSELECT "recipes".* FROM "recipes"[0m
  ↳ app/controllers/recipes_controller.rb:5
Completed 200 OK in 137ms (Views: 105.4ms | ActiveRecord: 13.9ms)


Started DELETE "/recipes/" for 127.0.0.1 at 2018-09-15 09:56:37 -0400
  
ActionController::RoutingError (No route matches [DELETE] "/recipes"):
  
actionpack (5.2.1) lib/action_dispatch/middleware/debug_exceptions.rb:65:in `call'
actionpack (5.2.1) lib/action_dispatch/middleware/show_exceptions.rb:33:in `call'
railties (5.2.1) lib/rails/rack/logger.rb:38:in `call_app'
railties (5.2.1) lib/rails/rack/logger.rb:26:in `block in call'
activesupport (5.2.1) lib/active_support/tagged_logging.rb:71:in `block in tagged'
activesupport (5.2.1) lib/active_support/tagged_logging.rb:28:in `tagged'
activesupport (5.2.1) lib/active_support/tagged_logging.rb:71:in `tagged'
railties (5.2.1) lib/rails/rack/logger.rb:26:in `call'
actionpack (5.2.1) lib/action_dispatch/middleware/remote_ip.rb:81:in `call'
actionpack (5.2.1) lib/action_dispatch/middleware/request_id.rb:27:in `call'
rack (2.0.5) lib/rack/runtime.rb:22:in `call'
activesupport (5.2.1) lib/active_support/cache/strategy/local_cache_middleware.rb:29:in `call'
actionpack (5.2.1) lib/action_dispatch/middleware/executor.rb:14:in `call'
actionpack (5.2.1) lib/action_dispatch/middleware/static.rb:127:in `call'
rack (2.0.5) lib/rack/sendfile.rb:111:in `call'
rack-cors (1.0.2) lib/rack/cors.rb:97:in `call'
railties (5.2.1) lib/rails/engine.rb:524:in `call'
puma (3.12.0) lib/puma/configuration.rb:225:in `call'
puma (3.12.0) lib/puma/server.rb:658:in `handle_request'
puma (3.12.0) lib/puma/server.rb:472:in `process_client'
puma (3.12.0) lib/puma/server.rb:332:in `block in run'
puma (3.12.0) lib/puma/thread_pool.rb:133:in `block in spawn_thread'
Started GET "/recipes" for 127.0.0.1 at 2018-09-15 09:56:54 -0400
Processing by RecipesController#index as */*
  [1m[36mRecipe Load (4.3ms)[0m  [1m[34mSELECT "recipes".* FROM "recipes"[0m
  ↳ app/controllers/recipes_controller.rb:5
Completed 200 OK in 62ms (Views: 47.7ms | ActiveRecord: 4.3ms)


Started GET "/recipes" for 127.0.0.1 at 2018-09-15 09:57:00 -0400
Processing by RecipesController#index as */*
  [1m[36mRecipe Load (2.4ms)[0m  [1m[34mSELECT "recipes".* FROM "recipes"[0m
  ↳ app/controllers/recipes_controller.rb:5
Completed 200 OK in 34ms (Views: 31.1ms | ActiveRecord: 2.4ms)


Started GET "/recipes" for 127.0.0.1 at 2018-09-15 09:57:25 -0400
Processing by RecipesController#index as */*
  [1m[36mRecipe Load (19.9ms)[0m  [1m[34mSELECT "recipes".* FROM "recipes"[0m
  ↳ app/controllers/recipes_controller.rb:5
Completed 200 OK in 106ms (Views: 81.3ms | ActiveRecord: 19.9ms)


Started GET "/recipes" for 127.0.0.1 at 2018-09-15 09:57:44 -0400
Processing by RecipesController#index as */*
  [1m[36mRecipe Load (8.8ms)[0m  [1m[34mSELECT "recipes".* FROM "recipes"[0m
  ↳ app/controllers/recipes_controller.rb:5
Completed 200 OK in 211ms (Views: 176.6ms | ActiveRecord: 8.8ms)


Started GET "/recipes" for 127.0.0.1 at 2018-09-15 09:58:11 -0400
Processing by RecipesController#index as */*
  [1m[36mRecipe Load (3.6ms)[0m  [1m[34mSELECT "recipes".* FROM "recipes"[0m
  ↳ app/controllers/recipes_controller.rb:5
Completed 200 OK in 93ms (Views: 83.9ms | ActiveRecord: 3.6ms)


Started GET "/recipes" for 127.0.0.1 at 2018-09-15 09:58:45 -0400
Processing by RecipesController#index as */*
  [1m[36mRecipe Load (5.6ms)[0m  [1m[34mSELECT "recipes".* FROM "recipes"[0m
  ↳ app/controllers/recipes_controller.rb:5
Completed 200 OK in 39ms (Views: 28.6ms | ActiveRecord: 5.6ms)


Started GET "/recipes" for 127.0.0.1 at 2018-09-15 09:58:51 -0400
Processing by RecipesController#index as */*
  [1m[36mRecipe Load (2.4ms)[0m  [1m[34mSELECT "recipes".* FROM "recipes"[0m
  ↳ app/controllers/recipes_controller.rb:5
Completed 200 OK in 42ms (Views: 39.1ms | ActiveRecord: 2.4ms)


Started GET "/recipes" for 127.0.0.1 at 2018-09-15 09:59:12 -0400
Processing by RecipesController#index as */*
  [1m[36mRecipe Load (8.0ms)[0m  [1m[34mSELECT "recipes".* FROM "recipes"[0m
  ↳ app/controllers/recipes_controller.rb:5
Completed 200 OK in 81ms (Views: 56.8ms | ActiveRecord: 8.0ms)


Started GET "/recipes" for 127.0.0.1 at 2018-09-15 09:59:46 -0400
Processing by RecipesController#index as */*
  [1m[36mRecipe Load (1.5ms)[0m  [1m[34mSELECT "recipes".* FROM "recipes"[0m
  ↳ app/controllers/recipes_controller.rb:5
Completed 200 OK in 81ms (Views: 76.0ms | ActiveRecord: 1.5ms)


Started GET "/recipes" for 127.0.0.1 at 2018-09-15 09:59:55 -0400
Processing by RecipesController#index as */*
  [1m[36mRecipe Load (2.9ms)[0m  [1m[34mSELECT "recipes".* FROM "recipes"[0m
  ↳ app/controllers/recipes_controller.rb:5
Completed 200 OK in 46ms (Views: 42.4ms | ActiveRecord: 2.9ms)


Started DELETE "/recipes/1" for 127.0.0.1 at 2018-09-15 09:59:56 -0400
Processing by RecipesController#destroy as JSON
  Parameters: {"id"=>"1", "recipe"=>{}}
  [1m[36mRecipe Load (34.3ms)[0m  [1m[34mSELECT  "recipes".* FROM "recipes" WHERE "recipes"."id" = ? LIMIT ?[0m  [["id", 1], ["LIMIT", 1]]
  ↳ app/controllers/recipes_controller.rb:19
  [1m[35m (3.9ms)[0m  [1m[36mbegin transaction[0m
  ↳ app/controllers/recipes_controller.rb:19
  [1m[36mRecipe Destroy (14.4ms)[0m  [1m[31mDELETE FROM "recipes" WHERE "recipes"."id" = ?[0m  [["id", 1]]
  ↳ app/controllers/recipes_controller.rb:19
  [1m[35m (2.7ms)[0m  [1m[36mcommit transaction[0m
  ↳ app/controllers/recipes_controller.rb:19
Completed 200 OK in 1846ms (Views: 0.4ms | ActiveRecord: 55.3ms)


Started GET "/recipes" for 127.0.0.1 at 2018-09-15 10:00:03 -0400
Processing by RecipesController#index as */*
  [1m[36mRecipe Load (4.7ms)[0m  [1m[34mSELECT "recipes".* FROM "recipes"[0m
  ↳ app/controllers/recipes_controller.rb:5
Completed 200 OK in 50ms (Views: 30.5ms | ActiveRecord: 4.7ms)


Started GET "/recipes" for 127.0.0.1 at 2018-09-15 10:00:33 -0400
Processing by RecipesController#index as */*
  [1m[36mRecipe Load (12.3ms)[0m  [1m[34mSELECT "recipes".* FROM "recipes"[0m
  ↳ app/controllers/recipes_controller.rb:5
Completed 200 OK in 45ms (Views: 26.3ms | ActiveRecord: 12.3ms)


Started GET "/recipes" for 127.0.0.1 at 2018-09-15 10:01:06 -0400
Processing by RecipesController#index as */*
  [1m[36mRecipe Load (18.0ms)[0m  [1m[34mSELECT "recipes".* FROM "recipes"[0m
  ↳ app/controllers/recipes_controller.rb:5
Completed 200 OK in 112ms (Views: 87.2ms | ActiveRecord: 18.0ms)


Started GET "/recipes" for 127.0.0.1 at 2018-09-15 10:01:37 -0400
Processing by RecipesController#index as */*
  [1m[36mRecipe Load (2.3ms)[0m  [1m[34mSELECT "recipes".* FROM "recipes"[0m
  ↳ app/controllers/recipes_controller.rb:5
Completed 200 OK in 46ms (Views: 39.0ms | ActiveRecord: 2.3ms)


Started GET "/recipes" for 127.0.0.1 at 2018-09-15 10:02:23 -0400
Processing by RecipesController#index as */*
  [1m[36mRecipe Load (11.9ms)[0m  [1m[34mSELECT "recipes".* FROM "recipes"[0m
  ↳ app/controllers/recipes_controller.rb:5
Completed 200 OK in 58ms (Views: 37.4ms | ActiveRecord: 11.9ms)


Started DELETE "/recipes/2" for 127.0.0.1 at 2018-09-15 10:02:25 -0400
Processing by RecipesController#destroy as JSON
  Parameters: {"id"=>"2", "recipe"=>{}}
  [1m[36mRecipe Load (1.8ms)[0m  [1m[34mSELECT  "recipes".* FROM "recipes" WHERE "recipes"."id" = ? LIMIT ?[0m  [["id", 2], ["LIMIT", 1]]
  ↳ app/controllers/recipes_controller.rb:19
  [1m[35m (0.4ms)[0m  [1m[36mbegin transaction[0m
  ↳ app/controllers/recipes_controller.rb:19
  [1m[36mRecipe Destroy (6.3ms)[0m  [1m[31mDELETE FROM "recipes" WHERE "recipes"."id" = ?[0m  [["id", 2]]
  ↳ app/controllers/recipes_controller.rb:19
  [1m[35m (4.6ms)[0m  [1m[36mcommit transaction[0m
  ↳ app/controllers/recipes_controller.rb:19
Completed 200 OK in 137ms (Views: 11.4ms | ActiveRecord: 13.0ms)


Started GET "/recipes" for 127.0.0.1 at 2018-09-15 10:02:29 -0400
Processing by RecipesController#index as */*
  [1m[36mRecipe Load (0.3ms)[0m  [1m[34mSELECT "recipes".* FROM "recipes"[0m
  ↳ app/controllers/recipes_controller.rb:5
Completed 200 OK in 11ms (Views: 10.3ms | ActiveRecord: 0.3ms)


  [1m[35m (0.2ms)[0m  [1m[36mbegin transaction[0m
  [1m[36mRecipe Create (3.4ms)[0m  [1m[32mINSERT INTO "recipes" ("name", "description") VALUES (?, ?)[0m  [["name", "Test"], ["description", "Test"]]
  [1m[35m (2.9ms)[0m  [1m[36mcommit transaction[0m
Started GET "/recipes" for 127.0.0.1 at 2018-09-15 10:04:26 -0400
  [1m[35m (2.6ms)[0m  [1m[34mSELECT "schema_migrations"."version" FROM "schema_migrations" ORDER BY "schema_migrations"."version" ASC[0m
  ↳ /Users/flatironschool/.rvm/gems/ruby-2.3.3/gems/activerecord-5.2.1/lib/active_record/log_subscriber.rb:98
Processing by RecipesController#index as */*
  [1m[36mRecipe Load (2.4ms)[0m  [1m[34mSELECT "recipes".* FROM "recipes"[0m
  ↳ app/controllers/recipes_controller.rb:5
Completed 200 OK in 19ms (Views: 11.5ms | ActiveRecord: 3.1ms)


Started GET "/recipes" for 127.0.0.1 at 2018-09-15 10:04:58 -0400
Processing by RecipesController#index as */*
  [1m[36mRecipe Load (2.7ms)[0m  [1m[34mSELECT "recipes".* FROM "recipes"[0m
  ↳ app/controllers/recipes_controller.rb:5
Completed 200 OK in 39ms (Views: 31.2ms | ActiveRecord: 2.7ms)


Started GET "/recipes" for 127.0.0.1 at 2018-09-15 10:05:22 -0400
Processing by RecipesController#index as */*
  [1m[36mRecipe Load (3.5ms)[0m  [1m[34mSELECT "recipes".* FROM "recipes"[0m
  ↳ app/controllers/recipes_controller.rb:5
Completed 200 OK in 28ms (Views: 20.3ms | ActiveRecord: 3.5ms)


Started DELETE "/recipes/3" for 127.0.0.1 at 2018-09-15 10:05:24 -0400
Processing by RecipesController#destroy as JSON
  Parameters: {"id"=>"3", "recipe"=>{}}
  [1m[36mRecipe Load (3.0ms)[0m  [1m[34mSELECT  "recipes".* FROM "recipes" WHERE "recipes"."id" = ? LIMIT ?[0m  [["id", 3], ["LIMIT", 1]]
  ↳ app/controllers/recipes_controller.rb:19
  [1m[35m (0.1ms)[0m  [1m[36mbegin transaction[0m
  ↳ app/controllers/recipes_controller.rb:19
  [1m[36mRecipe Destroy (3.5ms)[0m  [1m[31mDELETE FROM "recipes" WHERE "recipes"."id" = ?[0m  [["id", 3]]
  ↳ app/controllers/recipes_controller.rb:19
  [1m[35m (3.1ms)[0m  [1m[36mcommit transaction[0m
  ↳ app/controllers/recipes_controller.rb:19
Completed 200 OK in 78ms (Views: 0.3ms | ActiveRecord: 9.7ms)


Started GET "/recipes" for 127.0.0.1 at 2018-09-15 11:41:24 -0400
Processing by RecipesController#index as */*
  [1m[36mRecipe Load (20.2ms)[0m  [1m[34mSELECT "recipes".* FROM "recipes"[0m
  ↳ app/controllers/recipes_controller.rb:5
Completed 200 OK in 190ms (Views: 96.6ms | ActiveRecord: 20.2ms)


Started GET "/recipes" for 127.0.0.1 at 2018-09-15 11:41:55 -0400
Processing by RecipesController#index as */*
  [1m[36mRecipe Load (4.8ms)[0m  [1m[34mSELECT "recipes".* FROM "recipes"[0m
  ↳ app/controllers/recipes_controller.rb:5
Completed 200 OK in 104ms (Views: 89.4ms | ActiveRecord: 4.8ms)


Started GET "/recipes" for 127.0.0.1 at 2018-09-15 11:42:02 -0400
Processing by RecipesController#index as */*
  [1m[36mRecipe Load (1.7ms)[0m  [1m[34mSELECT "recipes".* FROM "recipes"[0m
  ↳ app/controllers/recipes_controller.rb:5
Completed 200 OK in 312ms (Views: 302.9ms | ActiveRecord: 1.7ms)


Started GET "/recipes" for 127.0.0.1 at 2018-09-15 11:45:10 -0400
Processing by RecipesController#index as */*
  [1m[36mRecipe Load (3.9ms)[0m  [1m[34mSELECT "recipes".* FROM "recipes"[0m
  ↳ app/controllers/recipes_controller.rb:5
Completed 200 OK in 248ms (Views: 236.3ms | ActiveRecord: 3.9ms)


Started GET "/recipes" for 127.0.0.1 at 2018-09-15 11:46:56 -0400
Processing by RecipesController#index as */*
  [1m[36mRecipe Load (2.6ms)[0m  [1m[34mSELECT "recipes".* FROM "recipes"[0m
  ↳ app/controllers/recipes_controller.rb:5
Completed 200 OK in 67ms (Views: 52.7ms | ActiveRecord: 2.6ms)


Started GET "/recipes" for 127.0.0.1 at 2018-09-15 11:47:00 -0400
Processing by RecipesController#index as */*
  [1m[36mRecipe Load (0.3ms)[0m  [1m[34mSELECT "recipes".* FROM "recipes"[0m
  ↳ app/controllers/recipes_controller.rb:5
Completed 200 OK in 26ms (Views: 7.9ms | ActiveRecord: 0.3ms)


Started GET "/recipes" for 127.0.0.1 at 2018-09-15 11:48:04 -0400
Processing by RecipesController#index as */*
  [1m[36mRecipe Load (7.2ms)[0m  [1m[34mSELECT "recipes".* FROM "recipes"[0m
  ↳ app/controllers/recipes_controller.rb:5
Completed 200 OK in 57ms (Views: 42.6ms | ActiveRecord: 7.2ms)


Started GET "/recipes" for 127.0.0.1 at 2018-09-15 13:14:43 -0400
  [1m[35m (2.9ms)[0m  [1m[34mSELECT "schema_migrations"."version" FROM "schema_migrations" ORDER BY "schema_migrations"."version" ASC[0m
  ↳ /Users/flatironschool/.rvm/gems/ruby-2.3.3/gems/activerecord-5.2.1/lib/active_record/log_subscriber.rb:98
Processing by RecipesController#index as */*
  [1m[36mRecipe Load (17.4ms)[0m  [1m[34mSELECT "recipes".* FROM "recipes"[0m
  ↳ app/controllers/recipes_controller.rb:5
Completed 200 OK in 111ms (Views: 51.7ms | ActiveRecord: 17.9ms)


Started GET "/recipes" for 127.0.0.1 at 2018-09-15 13:15:21 -0400
Processing by RecipesController#index as */*
  [1m[36mRecipe Load (3.2ms)[0m  [1m[34mSELECT "recipes".* FROM "recipes"[0m
  ↳ app/controllers/recipes_controller.rb:5
Completed 200 OK in 31ms (Views: 20.5ms | ActiveRecord: 3.2ms)


Started GET "/recipes" for 127.0.0.1 at 2018-09-15 13:57:22 -0400
Processing by RecipesController#index as */*
  [1m[36mRecipe Load (0.8ms)[0m  [1m[34mSELECT "recipes".* FROM "recipes"[0m
  ↳ app/controllers/recipes_controller.rb:5
Completed 200 OK in 60ms (Views: 43.2ms | ActiveRecord: 0.8ms)


Started GET "/recipes" for 127.0.0.1 at 2018-09-15 13:58:12 -0400
Processing by RecipesController#index as */*
  [1m[36mRecipe Load (10.3ms)[0m  [1m[34mSELECT "recipes".* FROM "recipes"[0m
  ↳ app/controllers/recipes_controller.rb:5
Completed 200 OK in 77ms (Views: 33.8ms | ActiveRecord: 10.3ms)


Started GET "/recipes" for 127.0.0.1 at 2018-09-15 13:59:45 -0400
Processing by RecipesController#index as */*
  [1m[36mRecipe Load (14.2ms)[0m  [1m[34mSELECT "recipes".* FROM "recipes"[0m
  ↳ app/controllers/recipes_controller.rb:5
Completed 200 OK in 54ms (Views: 31.3ms | ActiveRecord: 14.2ms)


Started GET "/recipes" for 127.0.0.1 at 2018-09-15 14:00:20 -0400
Processing by RecipesController#index as */*
  [1m[36mRecipe Load (452.3ms)[0m  [1m[34mSELECT "recipes".* FROM "recipes"[0m
  ↳ app/controllers/recipes_controller.rb:5
Completed 200 OK in 583ms (Views: 102.1ms | ActiveRecord: 452.3ms)


Started GET "/recipes" for 127.0.0.1 at 2018-09-15 14:02:54 -0400
Processing by RecipesController#index as */*
  [1m[36mRecipe Load (357.9ms)[0m  [1m[34mSELECT "recipes".* FROM "recipes"[0m
  ↳ app/controllers/recipes_controller.rb:5
Completed 200 OK in 429ms (Views: 54.2ms | ActiveRecord: 357.9ms)


Started GET "/recipes" for 127.0.0.1 at 2018-09-15 14:03:04 -0400
Processing by RecipesController#index as */*
  [1m[36mRecipe Load (2.0ms)[0m  [1m[34mSELECT "recipes".* FROM "recipes"[0m
  ↳ app/controllers/recipes_controller.rb:5
Completed 200 OK in 50ms (Views: 27.2ms | ActiveRecord: 2.0ms)


Started GET "/recipes" for 127.0.0.1 at 2018-09-15 14:03:42 -0400
Processing by RecipesController#index as */*
  [1m[36mRecipe Load (133.5ms)[0m  [1m[34mSELECT "recipes".* FROM "recipes"[0m
  ↳ app/controllers/recipes_controller.rb:5
Completed 200 OK in 215ms (Views: 45.3ms | ActiveRecord: 133.5ms)


Started POST "/units" for 127.0.0.1 at 2018-09-15 14:03:48 -0400
  
ActionController::RoutingError (No route matches [POST] "/units"):
  
actionpack (5.2.1) lib/action_dispatch/middleware/debug_exceptions.rb:65:in `call'
actionpack (5.2.1) lib/action_dispatch/middleware/show_exceptions.rb:33:in `call'
railties (5.2.1) lib/rails/rack/logger.rb:38:in `call_app'
railties (5.2.1) lib/rails/rack/logger.rb:26:in `block in call'
activesupport (5.2.1) lib/active_support/tagged_logging.rb:71:in `block in tagged'
activesupport (5.2.1) lib/active_support/tagged_logging.rb:28:in `tagged'
activesupport (5.2.1) lib/active_support/tagged_logging.rb:71:in `tagged'
railties (5.2.1) lib/rails/rack/logger.rb:26:in `call'
actionpack (5.2.1) lib/action_dispatch/middleware/remote_ip.rb:81:in `call'
actionpack (5.2.1) lib/action_dispatch/middleware/request_id.rb:27:in `call'
rack (2.0.5) lib/rack/runtime.rb:22:in `call'
activesupport (5.2.1) lib/active_support/cache/strategy/local_cache_middleware.rb:29:in `call'
actionpack (5.2.1) lib/action_dispatch/middleware/executor.rb:14:in `call'
actionpack (5.2.1) lib/action_dispatch/middleware/static.rb:127:in `call'
rack (2.0.5) lib/rack/sendfile.rb:111:in `call'
rack-cors (1.0.2) lib/rack/cors.rb:97:in `call'
railties (5.2.1) lib/rails/engine.rb:524:in `call'
puma (3.12.0) lib/puma/configuration.rb:225:in `call'
puma (3.12.0) lib/puma/server.rb:658:in `handle_request'
puma (3.12.0) lib/puma/server.rb:472:in `process_client'
puma (3.12.0) lib/puma/server.rb:332:in `block in run'
puma (3.12.0) lib/puma/thread_pool.rb:133:in `block in spawn_thread'
Started GET "/recipes" for 127.0.0.1 at 2018-09-15 14:04:06 -0400
Processing by RecipesController#index as */*
  [1m[36mRecipe Load (3.5ms)[0m  [1m[34mSELECT "recipes".* FROM "recipes"[0m
  ↳ app/controllers/recipes_controller.rb:5
Completed 200 OK in 121ms (Views: 110.3ms | ActiveRecord: 3.5ms)


Started GET "/recipes" for 127.0.0.1 at 2018-09-15 14:04:22 -0400
Processing by RecipesController#index as */*
  [1m[36mRecipe Load (6.7ms)[0m  [1m[34mSELECT "recipes".* FROM "recipes"[0m
  ↳ app/controllers/recipes_controller.rb:5
Completed 200 OK in 175ms (Views: 164.4ms | ActiveRecord: 6.7ms)


Started POST "/recipes" for 127.0.0.1 at 2018-09-15 14:04:27 -0400
Processing by RecipesController#create as JSON
  Parameters: {"name"=>"Test", "description"=>"Test", "recipe"=>{"name"=>"Test", "description"=>"Test"}}
  [1m[35m (0.5ms)[0m  [1m[36mbegin transaction[0m
  ↳ app/controllers/recipes_controller.rb:14
  [1m[36mRecipe Create (10.9ms)[0m  [1m[32mINSERT INTO "recipes" ("name", "description") VALUES (?, ?)[0m  [["name", "Test"], ["description", "Test"]]
  ↳ app/controllers/recipes_controller.rb:14
  [1m[35m (8.8ms)[0m  [1m[36mcommit transaction[0m
  ↳ app/controllers/recipes_controller.rb:14
Completed 200 OK in 393ms (Views: 2.1ms | ActiveRecord: 30.6ms)


Started GET "/recipes" for 127.0.0.1 at 2018-09-15 14:04:33 -0400
Processing by RecipesController#index as */*
  [1m[36mRecipe Load (1.4ms)[0m  [1m[34mSELECT "recipes".* FROM "recipes"[0m
  ↳ app/controllers/recipes_controller.rb:5
Completed 200 OK in 194ms (Views: 187.0ms | ActiveRecord: 1.4ms)


Started DELETE "/recipes/4" for 127.0.0.1 at 2018-09-15 14:04:46 -0400
Processing by RecipesController#destroy as JSON
  Parameters: {"id"=>"4", "recipe"=>{}}
  [1m[36mRecipe Load (7.2ms)[0m  [1m[34mSELECT  "recipes".* FROM "recipes" WHERE "recipes"."id" = ? LIMIT ?[0m  [["id", 4], ["LIMIT", 1]]
  ↳ app/controllers/recipes_controller.rb:19
  [1m[35m (0.2ms)[0m  [1m[36mbegin transaction[0m
  ↳ app/controllers/recipes_controller.rb:19
  [1m[36mRecipe Destroy (5.5ms)[0m  [1m[31mDELETE FROM "recipes" WHERE "recipes"."id" = ?[0m  [["id", 4]]
  ↳ app/controllers/recipes_controller.rb:19
  [1m[35m (4.3ms)[0m  [1m[36mcommit transaction[0m
  ↳ app/controllers/recipes_controller.rb:19
Completed 200 OK in 436ms (Views: 3.8ms | ActiveRecord: 17.2ms)


Started GET "/recipes" for 127.0.0.1 at 2018-09-15 14:05:00 -0400
Processing by RecipesController#index as */*
  [1m[36mRecipe Load (0.3ms)[0m  [1m[34mSELECT "recipes".* FROM "recipes"[0m
  ↳ app/controllers/recipes_controller.rb:5
Completed 200 OK in 6ms (Views: 4.6ms | ActiveRecord: 0.3ms)


Started GET "/recipes" for 127.0.0.1 at 2018-09-15 14:05:08 -0400
Processing by RecipesController#index as */*
  [1m[36mRecipe Load (0.2ms)[0m  [1m[34mSELECT "recipes".* FROM "recipes"[0m
  ↳ app/controllers/recipes_controller.rb:5
Completed 200 OK in 32ms (Views: 31.2ms | ActiveRecord: 0.2ms)


Started GET "/recipes" for 127.0.0.1 at 2018-09-15 14:05:14 -0400
Processing by RecipesController#index as */*
  [1m[36mRecipe Load (0.2ms)[0m  [1m[34mSELECT "recipes".* FROM "recipes"[0m
  ↳ app/controllers/recipes_controller.rb:5
Completed 200 OK in 4ms (Views: 3.5ms | ActiveRecord: 0.2ms)


Started GET "/recipes" for 127.0.0.1 at 2018-09-15 14:05:36 -0400
Processing by RecipesController#index as */*
  [1m[36mRecipe Load (0.3ms)[0m  [1m[34mSELECT "recipes".* FROM "recipes"[0m
  ↳ app/controllers/recipes_controller.rb:5
Completed 200 OK in 4ms (Views: 3.5ms | ActiveRecord: 0.3ms)


Started GET "/recipes" for 127.0.0.1 at 2018-09-15 14:10:00 -0400
Processing by RecipesController#index as */*
  [1m[36mRecipe Load (14.8ms)[0m  [1m[34mSELECT "recipes".* FROM "recipes"[0m
  ↳ app/controllers/recipes_controller.rb:5
Completed 200 OK in 107ms (Views: 73.8ms | ActiveRecord: 14.8ms)


Started GET "/recipes" for 127.0.0.1 at 2018-09-15 14:14:57 -0400
Processing by RecipesController#index as */*
  [1m[36mRecipe Load (10.9ms)[0m  [1m[34mSELECT "recipes".* FROM "recipes"[0m
  ↳ app/controllers/recipes_controller.rb:5
Completed 200 OK in 42ms (Views: 23.4ms | ActiveRecord: 10.9ms)


Started GET "/recipes" for 127.0.0.1 at 2018-09-15 14:20:31 -0400
Processing by RecipesController#index as */*
  [1m[36mRecipe Load (2.3ms)[0m  [1m[34mSELECT "recipes".* FROM "recipes"[0m
  ↳ app/controllers/recipes_controller.rb:5
Completed 200 OK in 44ms (Views: 38.2ms | ActiveRecord: 2.3ms)


Started GET "/recipes" for 127.0.0.1 at 2018-09-15 14:21:49 -0400
Processing by RecipesController#index as */*
  [1m[36mRecipe Load (1.4ms)[0m  [1m[34mSELECT "recipes".* FROM "recipes"[0m
  ↳ app/controllers/recipes_controller.rb:5
Completed 200 OK in 76ms (Views: 61.8ms | ActiveRecord: 1.4ms)


Started GET "/recipes" for 127.0.0.1 at 2018-09-15 14:22:35 -0400
Processing by RecipesController#index as */*
  [1m[36mRecipe Load (37.8ms)[0m  [1m[34mSELECT "recipes".* FROM "recipes"[0m
  ↳ app/controllers/recipes_controller.rb:5
Completed 200 OK in 182ms (Views: 119.4ms | ActiveRecord: 37.8ms)


Started POST "/recipes" for 127.0.0.1 at 2018-09-15 14:22:41 -0400
Processing by RecipesController#create as JSON
  Parameters: {"name"=>"Test", "description"=>"Test", "recipe"=>{"name"=>"Test", "description"=>"Test"}}
  [1m[35m (0.5ms)[0m  [1m[36mbegin transaction[0m
  ↳ app/controllers/recipes_controller.rb:14
  [1m[36mRecipe Create (2.6ms)[0m  [1m[32mINSERT INTO "recipes" ("name", "description") VALUES (?, ?)[0m  [["name", "Test"], ["description", "Test"]]
  ↳ app/controllers/recipes_controller.rb:14
  [1m[35m (0.8ms)[0m  [1m[36mcommit transaction[0m
  ↳ app/controllers/recipes_controller.rb:14
Completed 200 OK in 225ms (Views: 21.5ms | ActiveRecord: 4.0ms)


Started GET "/recipes" for 127.0.0.1 at 2018-09-15 14:23:13 -0400
Processing by RecipesController#index as */*
  [1m[36mRecipe Load (3.5ms)[0m  [1m[34mSELECT "recipes".* FROM "recipes"[0m
  ↳ app/controllers/recipes_controller.rb:5
Completed 200 OK in 129ms (Views: 114.7ms | ActiveRecord: 3.5ms)


Started POST "/recipes" for 127.0.0.1 at 2018-09-15 14:23:22 -0400
Processing by RecipesController#create as JSON
  Parameters: {"name"=>"Test2", "description"=>"Test2", "recipe"=>{"name"=>"Test2", "description"=>"Test2"}}
  [1m[35m (0.3ms)[0m  [1m[36mbegin transaction[0m
  ↳ app/controllers/recipes_controller.rb:14
  [1m[36mRecipe Create (4.2ms)[0m  [1m[32mINSERT INTO "recipes" ("name", "description") VALUES (?, ?)[0m  [["name", "Test2"], ["description", "Test2"]]
  ↳ app/controllers/recipes_controller.rb:14
  [1m[35m (2.1ms)[0m  [1m[36mcommit transaction[0m
  ↳ app/controllers/recipes_controller.rb:14
Completed 200 OK in 80ms (Views: 20.0ms | ActiveRecord: 6.5ms)


Started GET "/recipes" for 127.0.0.1 at 2018-09-15 14:23:28 -0400
Processing by RecipesController#index as HTML
  [1m[36mRecipe Load (1.1ms)[0m  [1m[34mSELECT "recipes".* FROM "recipes"[0m
  ↳ app/controllers/recipes_controller.rb:5
Completed 200 OK in 36ms (Views: 24.4ms | ActiveRecord: 1.1ms)


Started GET "/recipes" for 127.0.0.1 at 2018-09-15 16:53:12 -0400
Processing by RecipesController#index as */*
  [1m[36mRecipe Load (10.4ms)[0m  [1m[34mSELECT "recipes".* FROM "recipes"[0m
  ↳ app/controllers/recipes_controller.rb:5
Completed 200 OK in 145ms (Views: 106.4ms | ActiveRecord: 10.4ms)


Started GET "/recipes" for 127.0.0.1 at 2018-09-15 16:53:32 -0400
Processing by RecipesController#index as */*
  [1m[36mRecipe Load (12.4ms)[0m  [1m[34mSELECT "recipes".* FROM "recipes"[0m
  ↳ app/controllers/recipes_controller.rb:5
Completed 200 OK in 137ms (Views: 105.5ms | ActiveRecord: 12.4ms)


Started POST "/recipes" for 127.0.0.1 at 2018-09-15 16:53:46 -0400
Processing by RecipesController#create as JSON
  Parameters: {"name"=>"test3", "description"=>"test3", "recipe"=>{"name"=>"test3", "description"=>"test3"}}
  [1m[35m (50.1ms)[0m  [1m[36mbegin transaction[0m
  ↳ app/controllers/recipes_controller.rb:14
  [1m[36mRecipe Create (27.0ms)[0m  [1m[32mINSERT INTO "recipes" ("name", "description") VALUES (?, ?)[0m  [["name", "test3"], ["description", "test3"]]
  ↳ app/controllers/recipes_controller.rb:14
  [1m[35m (1.2ms)[0m  [1m[36mcommit transaction[0m
  ↳ app/controllers/recipes_controller.rb:14
Completed 200 OK in 352ms (Views: 8.7ms | ActiveRecord: 78.3ms)


Started GET "/recipes" for 127.0.0.1 at 2018-09-15 16:53:58 -0400
Processing by RecipesController#index as */*
  [1m[36mRecipe Load (16.1ms)[0m  [1m[34mSELECT "recipes".* FROM "recipes"[0m
  ↳ app/controllers/recipes_controller.rb:5
Completed 200 OK in 119ms (Views: 60.2ms | ActiveRecord: 16.1ms)


Started GET "/recipes" for 127.0.0.1 at 2018-09-15 16:54:12 -0400
Processing by RecipesController#index as HTML
  [1m[36mRecipe Load (54.5ms)[0m  [1m[34mSELECT "recipes".* FROM "recipes"[0m
  ↳ app/controllers/recipes_controller.rb:5
Completed 200 OK in 155ms (Views: 89.1ms | ActiveRecord: 54.5ms)


Started GET "/recipes" for 127.0.0.1 at 2018-09-15 16:55:55 -0400
Processing by RecipesController#index as */*
  [1m[36mRecipe Load (83.2ms)[0m  [1m[34mSELECT "recipes".* FROM "recipes"[0m
  ↳ app/controllers/recipes_controller.rb:5
Completed 200 OK in 317ms (Views: 195.4ms | ActiveRecord: 83.2ms)


Started POST "/recipes" for 127.0.0.1 at 2018-09-15 16:56:13 -0400
Processing by RecipesController#create as JSON
  Parameters: {"name"=>"test4", "description"=>"test4", "recipe"=>{"name"=>"test4", "description"=>"test4"}}
  [1m[35m (28.8ms)[0m  [1m[36mbegin transaction[0m
  ↳ app/controllers/recipes_controller.rb:14
  [1m[36mRecipe Create (20.3ms)[0m  [1m[32mINSERT INTO "recipes" ("name", "description") VALUES (?, ?)[0m  [["name", "test4"], ["description", "test4"]]
  ↳ app/controllers/recipes_controller.rb:14
  [1m[35m (3.9ms)[0m  [1m[36mcommit transaction[0m
  ↳ app/controllers/recipes_controller.rb:14
Completed 200 OK in 307ms (Views: 4.5ms | ActiveRecord: 53.0ms)


Started GET "/recipes" for 127.0.0.1 at 2018-09-15 16:56:24 -0400
Processing by RecipesController#index as */*
  [1m[36mRecipe Load (13.4ms)[0m  [1m[34mSELECT "recipes".* FROM "recipes"[0m
  ↳ app/controllers/recipes_controller.rb:5
Completed 200 OK in 104ms (Views: 79.6ms | ActiveRecord: 13.4ms)


Started GET "/recipes" for 127.0.0.1 at 2018-09-15 16:58:29 -0400
Processing by RecipesController#index as */*
  [1m[36mRecipe Load (61.2ms)[0m  [1m[34mSELECT "recipes".* FROM "recipes"[0m
  ↳ app/controllers/recipes_controller.rb:5
Completed 200 OK in 147ms (Views: 66.6ms | ActiveRecord: 61.2ms)


Started GET "/recipes" for 127.0.0.1 at 2018-09-15 16:59:01 -0400
Processing by RecipesController#index as */*
  [1m[36mRecipe Load (11.8ms)[0m  [1m[34mSELECT "recipes".* FROM "recipes"[0m
  ↳ app/controllers/recipes_controller.rb:5
Completed 200 OK in 61ms (Views: 37.0ms | ActiveRecord: 11.8ms)


Started GET "/recipes" for 127.0.0.1 at 2018-09-15 16:59:27 -0400
Processing by RecipesController#index as */*
  [1m[36mRecipe Load (8.8ms)[0m  [1m[34mSELECT "recipes".* FROM "recipes"[0m
  ↳ app/controllers/recipes_controller.rb:5
Completed 200 OK in 71ms (Views: 45.7ms | ActiveRecord: 8.8ms)


Started GET "/recipes" for 127.0.0.1 at 2018-09-15 16:59:44 -0400
Processing by RecipesController#index as */*
  [1m[36mRecipe Load (11.7ms)[0m  [1m[34mSELECT "recipes".* FROM "recipes"[0m
  ↳ app/controllers/recipes_controller.rb:5
Completed 200 OK in 72ms (Views: 36.0ms | ActiveRecord: 11.7ms)


Started GET "/recipes" for 127.0.0.1 at 2018-09-15 17:00:01 -0400
Processing by RecipesController#index as */*
  [1m[36mRecipe Load (31.3ms)[0m  [1m[34mSELECT "recipes".* FROM "recipes"[0m
  ↳ app/controllers/recipes_controller.rb:5
Completed 200 OK in 105ms (Views: 55.6ms | ActiveRecord: 31.3ms)


Started GET "/recipes" for 127.0.0.1 at 2018-09-15 17:00:11 -0400
Processing by RecipesController#index as */*
  [1m[36mRecipe Load (2.5ms)[0m  [1m[34mSELECT "recipes".* FROM "recipes"[0m
  ↳ app/controllers/recipes_controller.rb:5
Completed 200 OK in 78ms (Views: 70.4ms | ActiveRecord: 2.5ms)


Started GET "/recipes" for 127.0.0.1 at 2018-09-15 17:02:44 -0400
Processing by RecipesController#index as */*
  [1m[36mRecipe Load (14.4ms)[0m  [1m[34mSELECT "recipes".* FROM "recipes"[0m
  ↳ app/controllers/recipes_controller.rb:5
Completed 200 OK in 100ms (Views: 78.7ms | ActiveRecord: 14.4ms)


Started GET "/recipes" for 127.0.0.1 at 2018-09-15 17:03:51 -0400
Processing by RecipesController#index as */*
  [1m[36mRecipe Load (7.1ms)[0m  [1m[34mSELECT "recipes".* FROM "recipes"[0m
  ↳ app/controllers/recipes_controller.rb:5
Completed 200 OK in 60ms (Views: 28.3ms | ActiveRecord: 7.1ms)


Started DELETE "/recipes/5" for 127.0.0.1 at 2018-09-15 17:03:53 -0400
Processing by RecipesController#destroy as JSON
  Parameters: {"id"=>"5", "recipe"=>{}}
  [1m[36mRecipe Load (16.9ms)[0m  [1m[34mSELECT  "recipes".* FROM "recipes" WHERE "recipes"."id" = ? LIMIT ?[0m  [["id", 5], ["LIMIT", 1]]
  ↳ app/controllers/recipes_controller.rb:19
  [1m[35m (0.4ms)[0m  [1m[36mbegin transaction[0m
  ↳ app/controllers/recipes_controller.rb:19
  [1m[36mRecipe Destroy (3.8ms)[0m  [1m[31mDELETE FROM "recipes" WHERE "recipes"."id" = ?[0m  [["id", 5]]
  ↳ app/controllers/recipes_controller.rb:19
  [1m[35m (4.6ms)[0m  [1m[36mcommit transaction[0m
  ↳ app/controllers/recipes_controller.rb:19
Completed 200 OK in 301ms (Views: 12.9ms | ActiveRecord: 25.6ms)


Started GET "/recipes" for 127.0.0.1 at 2018-09-15 17:05:00 -0400
Processing by RecipesController#index as */*
  [1m[36mRecipe Load (7.3ms)[0m  [1m[34mSELECT "recipes".* FROM "recipes"[0m
  ↳ app/controllers/recipes_controller.rb:5
Completed 200 OK in 75ms (Views: 45.1ms | ActiveRecord: 7.3ms)


Started DELETE "/recipes/6" for 127.0.0.1 at 2018-09-15 17:05:02 -0400
Processing by RecipesController#destroy as JSON
  Parameters: {"id"=>"6", "recipe"=>{}}
  [1m[36mRecipe Load (0.2ms)[0m  [1m[34mSELECT  "recipes".* FROM "recipes" WHERE "recipes"."id" = ? LIMIT ?[0m  [["id", 6], ["LIMIT", 1]]
  ↳ app/controllers/recipes_controller.rb:19
  [1m[35m (0.2ms)[0m  [1m[36mbegin transaction[0m
  ↳ app/controllers/recipes_controller.rb:19
  [1m[36mRecipe Destroy (6.1ms)[0m  [1m[31mDELETE FROM "recipes" WHERE "recipes"."id" = ?[0m  [["id", 6]]
  ↳ app/controllers/recipes_controller.rb:19
  [1m[35m (13.7ms)[0m  [1m[36mcommit transaction[0m
  ↳ app/controllers/recipes_controller.rb:19
Completed 200 OK in 120ms (Views: 4.0ms | ActiveRecord: 20.2ms)


Started GET "/recipes" for 127.0.0.1 at 2018-09-15 17:05:06 -0400
Processing by RecipesController#index as */*
  [1m[36mRecipe Load (2.8ms)[0m  [1m[34mSELECT "recipes".* FROM "recipes"[0m
  ↳ app/controllers/recipes_controller.rb:5
Completed 200 OK in 41ms (Views: 11.7ms | ActiveRecord: 2.8ms)


Started GET "/recipes" for 127.0.0.1 at 2018-09-15 17:05:25 -0400
Processing by RecipesController#index as */*
  [1m[36mRecipe Load (1.8ms)[0m  [1m[34mSELECT "recipes".* FROM "recipes"[0m
  ↳ app/controllers/recipes_controller.rb:5
Completed 200 OK in 35ms (Views: 27.6ms | ActiveRecord: 1.8ms)


Started GET "/recipes" for 127.0.0.1 at 2018-09-15 17:06:47 -0400
Processing by RecipesController#index as */*
  [1m[36mRecipe Load (9.2ms)[0m  [1m[34mSELECT "recipes".* FROM "recipes"[0m
  ↳ app/controllers/recipes_controller.rb:5
Completed 200 OK in 67ms (Views: 43.6ms | ActiveRecord: 9.2ms)


Started GET "/recipes" for 127.0.0.1 at 2018-09-15 17:07:32 -0400
Processing by RecipesController#index as */*
  [1m[36mRecipe Load (14.2ms)[0m  [1m[34mSELECT "recipes".* FROM "recipes"[0m
  ↳ app/controllers/recipes_controller.rb:5
Completed 200 OK in 77ms (Views: 58.3ms | ActiveRecord: 14.2ms)


Started GET "/recipes" for 127.0.0.1 at 2018-09-15 17:07:56 -0400
Processing by RecipesController#index as */*
  [1m[36mRecipe Load (6.3ms)[0m  [1m[34mSELECT "recipes".* FROM "recipes"[0m
  ↳ app/controllers/recipes_controller.rb:5
Completed 200 OK in 71ms (Views: 53.4ms | ActiveRecord: 6.3ms)


Started GET "/recipes" for 127.0.0.1 at 2018-09-15 17:08:44 -0400
Processing by RecipesController#index as */*
  [1m[36mRecipe Load (10.5ms)[0m  [1m[34mSELECT "recipes".* FROM "recipes"[0m
  ↳ app/controllers/recipes_controller.rb:5
Completed 200 OK in 65ms (Views: 41.5ms | ActiveRecord: 10.5ms)


Started POST "/recipes" for 127.0.0.1 at 2018-09-15 17:08:52 -0400
Processing by RecipesController#create as JSON
  Parameters: {"name"=>"test5", "description"=>"test5", "recipe"=>{"name"=>"test5", "description"=>"test5"}}
  [1m[35m (1.5ms)[0m  [1m[36mbegin transaction[0m
  ↳ app/controllers/recipes_controller.rb:14
  [1m[36mRecipe Create (3.1ms)[0m  [1m[32mINSERT INTO "recipes" ("name", "description") VALUES (?, ?)[0m  [["name", "test5"], ["description", "test5"]]
  ↳ app/controllers/recipes_controller.rb:14
  [1m[35m (3.5ms)[0m  [1m[36mcommit transaction[0m
  ↳ app/controllers/recipes_controller.rb:14
Completed 200 OK in 143ms (Views: 7.8ms | ActiveRecord: 8.1ms)


Started GET "/recipes" for 127.0.0.1 at 2018-09-15 17:09:06 -0400
Processing by RecipesController#index as */*
  [1m[36mRecipe Load (4.9ms)[0m  [1m[34mSELECT "recipes".* FROM "recipes"[0m
  ↳ app/controllers/recipes_controller.rb:5
Completed 200 OK in 63ms (Views: 40.3ms | ActiveRecord: 4.9ms)


Started GET "/recipes" for 127.0.0.1 at 2018-09-15 17:09:41 -0400
Processing by RecipesController#index as */*
  [1m[36mRecipe Load (8.7ms)[0m  [1m[34mSELECT "recipes".* FROM "recipes"[0m
  ↳ app/controllers/recipes_controller.rb:5
Completed 200 OK in 43ms (Views: 29.6ms | ActiveRecord: 8.7ms)


Started GET "/recipes" for 127.0.0.1 at 2018-09-15 17:10:16 -0400
Processing by RecipesController#index as */*
  [1m[36mRecipe Load (4.9ms)[0m  [1m[34mSELECT "recipes".* FROM "recipes"[0m
  ↳ app/controllers/recipes_controller.rb:5
Completed 200 OK in 52ms (Views: 41.7ms | ActiveRecord: 4.9ms)


Started POST "/recipes" for 127.0.0.1 at 2018-09-15 17:10:23 -0400
Processing by RecipesController#create as JSON
  Parameters: {"name"=>"test6", "description"=>"test6", "recipe"=>{"name"=>"test6", "description"=>"test6"}}
  [1m[35m (4.2ms)[0m  [1m[36mbegin transaction[0m
  ↳ app/controllers/recipes_controller.rb:14
  [1m[36mRecipe Create (6.5ms)[0m  [1m[32mINSERT INTO "recipes" ("name", "description") VALUES (?, ?)[0m  [["name", "test6"], ["description", "test6"]]
  ↳ app/controllers/recipes_controller.rb:14
  [1m[35m (1.7ms)[0m  [1m[36mcommit transaction[0m
  ↳ app/controllers/recipes_controller.rb:14
Completed 200 OK in 43ms (Views: 2.5ms | ActiveRecord: 12.4ms)


Started GET "/recipes" for 127.0.0.1 at 2018-09-15 17:10:42 -0400
Processing by RecipesController#index as */*
  [1m[36mRecipe Load (1.6ms)[0m  [1m[34mSELECT "recipes".* FROM "recipes"[0m
  ↳ app/controllers/recipes_controller.rb:5
Completed 200 OK in 27ms (Views: 20.4ms | ActiveRecord: 1.6ms)


Started POST "/recipes" for 127.0.0.1 at 2018-09-15 17:10:50 -0400
Processing by RecipesController#create as JSON
  Parameters: {"name"=>"test7", "description"=>"test7", "recipe"=>{"name"=>"test7", "description"=>"test7"}}
  [1m[35m (3.0ms)[0m  [1m[36mbegin transaction[0m
  ↳ app/controllers/recipes_controller.rb:14
  [1m[36mRecipe Create (5.1ms)[0m  [1m[32mINSERT INTO "recipes" ("name", "description") VALUES (?, ?)[0m  [["name", "test7"], ["description", "test7"]]
  ↳ app/controllers/recipes_controller.rb:14
  [1m[35m (3.2ms)[0m  [1m[36mcommit transaction[0m
  ↳ app/controllers/recipes_controller.rb:14
Completed 200 OK in 64ms (Views: 25.6ms | ActiveRecord: 11.3ms)


